<?xml version="1.0" encoding="UTF-8"?>
<testsuites name="Amazon_testsuite005" time="66.632" tests="1" failures="0" errors="0">
   <testsuite name="Amazon_testsuite005" tests="1" failures="0" errors="0" time="66.632" skipped="0" timestamp="08-02-2024T15:42:52" hostname="gopi krishna - LENOVO-C340" id="Test Suites/Amazon_testsuite005">
      <properties>
         <property name="deviceName" value=""/>
         <property name="devicePlatform" value=""/>
         <property name="logFolder" value="C:\\Users\\gopi krishna\\git\\Amazon-Project\\Reports\\20240208_154239\\Amazon_testsuite005\\20240208_154239"/>
         <property name="logFiles" value="C:\\Users\\gopi krishna\\git\\Amazon-Project\\Reports\\20240208_154239\\Amazon_testsuite005\\20240208_154239\\execution0.log"/>
         <property name="attachments" value=""/>
         <property name="hostName" value="gopi krishna - LENOVO-C340"/>
         <property name="os" value="Windows 11 64bit"/>
         <property name="katalonVersion" value="9.3.0.212"/>
         <property name="browser" value="Chrome 121.0.0.0"/>
         <property name="hostAddress" value="192.168.1.8"/>
         <property name="sessionId" value="62088608e14fd21f4a92530845c6aa24"/>
         <property name="seleniumVersion" value="3.141.59"/>
         <property name="proxyInformation" value="ProxyInformation { proxyOption=NO_PROXY, proxyServerType=HTTP, username=, password=********, proxyServerAddress=, proxyServerPort=0, executionList=&quot;&quot;, isApplyToDesiredCapabilities=true }"/>
         <property name="platform" value="Windows 11"/>
      </properties>
      <testcase name="Test Cases/Amazon_testcase_005" time="65.679" classname="Test Cases/Amazon_testcase_005" status="PASSED">
         <system-out><![CDATA[08-02-2024T15:42:53 - [TEST_CASE][PASSED] - Test Cases/Amazon_testcase_005: Test Cases/Amazon_testcase_005

08-02-2024T15:42:53 - [TEST_STEP][PASSED] - Start listener action : sampleBeforeTestCase: Navigate to 'https://www.amazon.in/' successfully

08-02-2024T15:42:53 - [TEST_STEP][PASSED] - openBrowser(""): Browser is opened with url: ''

08-02-2024T15:42:55 - [MESSAGE][INFO] - Starting 'Chrome' driver

08-02-2024T15:42:55 - [MESSAGE][INFO] - Action delay is set to 0 milliseconds

08-02-2024T15:42:58 - [MESSAGE][PASSED] - Browser is opened with url: ''

08-02-2024T15:42:58 - [TEST_STEP][PASSED] - navigateToUrl("https://www.amazon.in/"): Navigate to 'https://www.amazon.in/' successfully

08-02-2024T15:43:00 - [MESSAGE][PASSED] - Navigate to 'https://www.amazon.in/' successfully

08-02-2024T15:43:00 - [TEST_STEP][PASSED] - Start listener action : sampleBeforeTestCase: Navigate to 'https://www.amazon.in/' successfully

08-02-2024T15:43:00 - [TEST_STEP][PASSED] - openBrowser(""): Browser is opened with url: ''

08-02-2024T15:43:00 - [MESSAGE][WARNING] - A browser is already opened. Closing browser and opening a new one

08-02-2024T15:43:01 - [MESSAGE][INFO] - Starting 'Chrome' driver

08-02-2024T15:43:01 - [MESSAGE][INFO] - Action delay is set to 0 milliseconds

08-02-2024T15:43:03 - [MESSAGE][PASSED] - Browser is opened with url: ''

08-02-2024T15:43:03 - [TEST_STEP][PASSED] - navigateToUrl("https://www.amazon.in/"): Navigate to 'https://www.amazon.in/' successfully

08-02-2024T15:43:04 - [MESSAGE][PASSED] - Navigate to 'https://www.amazon.in/' successfully

08-02-2024T15:43:04 - [TEST_STEP][PASSED] - Start listener action : sampleBeforeTestCase: Navigate to 'https://www.amazon.in/' successfully

08-02-2024T15:43:04 - [TEST_STEP][PASSED] - openBrowser(""): Browser is opened with url: ''

08-02-2024T15:43:04 - [MESSAGE][WARNING] - A browser is already opened. Closing browser and opening a new one

08-02-2024T15:43:05 - [MESSAGE][INFO] - Starting 'Chrome' driver

08-02-2024T15:43:05 - [MESSAGE][INFO] - Action delay is set to 0 milliseconds

08-02-2024T15:43:07 - [MESSAGE][PASSED] - Browser is opened with url: ''

08-02-2024T15:43:07 - [TEST_STEP][PASSED] - navigateToUrl("https://www.amazon.in/"): Navigate to 'https://www.amazon.in/' successfully

08-02-2024T15:43:08 - [MESSAGE][PASSED] - Navigate to 'https://www.amazon.in/' successfully

08-02-2024T15:43:08 - [TEST_STEP][PASSED] - Start listener action : sampleBeforeTestCase: Navigate to 'https://www.amazon.in/' successfully

08-02-2024T15:43:08 - [TEST_STEP][PASSED] - openBrowser(""): Browser is opened with url: ''

08-02-2024T15:43:08 - [MESSAGE][WARNING] - A browser is already opened. Closing browser and opening a new one

08-02-2024T15:43:09 - [MESSAGE][INFO] - Starting 'Chrome' driver

08-02-2024T15:43:09 - [MESSAGE][INFO] - Action delay is set to 0 milliseconds

08-02-2024T15:43:11 - [MESSAGE][PASSED] - Browser is opened with url: ''

08-02-2024T15:43:11 - [TEST_STEP][PASSED] - navigateToUrl("https://www.amazon.in/"): Navigate to 'https://www.amazon.in/' successfully

08-02-2024T15:43:13 - [MESSAGE][PASSED] - Navigate to 'https://www.amazon.in/' successfully

08-02-2024T15:43:13 - [TEST_STEP][PASSED] - Start listener action : sampleBeforeTestCase: Navigate to 'https://www.amazon.in/' successfully

08-02-2024T15:43:13 - [TEST_STEP][PASSED] - openBrowser(""): Browser is opened with url: ''

08-02-2024T15:43:13 - [MESSAGE][WARNING] - A browser is already opened. Closing browser and opening a new one

08-02-2024T15:43:13 - [MESSAGE][INFO] - Starting 'Chrome' driver

08-02-2024T15:43:13 - [MESSAGE][INFO] - Action delay is set to 0 milliseconds

08-02-2024T15:43:15 - [MESSAGE][PASSED] - Browser is opened with url: ''

08-02-2024T15:43:15 - [TEST_STEP][PASSED] - navigateToUrl("https://www.amazon.in/"): Navigate to 'https://www.amazon.in/' successfully

08-02-2024T15:43:16 - [MESSAGE][PASSED] - Navigate to 'https://www.amazon.in/' successfully

08-02-2024T15:43:17 - [TEST_STEP][PASSED] - openBrowser(""): Browser is opened with url: ''

08-02-2024T15:43:17 - [MESSAGE][WARNING] - A browser is already opened. Closing browser and opening a new one

08-02-2024T15:43:19 - [MESSAGE][INFO] - Starting 'Chrome' driver

08-02-2024T15:43:19 - [MESSAGE][INFO] - Action delay is set to 0 milliseconds

08-02-2024T15:43:20 - [MESSAGE][PASSED] - Browser is opened with url: ''

08-02-2024T15:43:20 - [TEST_STEP][PASSED] - navigateToUrl("https://www.amazon.in/"): Navigate to 'https://www.amazon.in/' successfully

08-02-2024T15:43:21 - [MESSAGE][PASSED] - Navigate to 'https://www.amazon.in/' successfully

08-02-2024T15:43:21 - [TEST_STEP][PASSED] - click(findTestObject("Object Repository/Amazontestcase005_OR/Page_Online Shopping site in India Shop Onl_10c5f3/span_Hello, sign in")): Object: 'Object Repository/Amazontestcase005_OR/Page_Online Shopping site in India Shop Onl_10c5f3/span_Hello, sign in' is clicked on

08-02-2024T15:43:36 - [MESSAGE][PASSED] - Object: 'Object Repository/Amazontestcase005_OR/Page_Online Shopping site in India Shop Onl_10c5f3/span_Hello, sign in' is clicked on

08-02-2024T15:43:36 - [TEST_STEP][PASSED] - setText(findTestObject("Amazon_button005/Page_Amazon Sign In/input_Email or mobile phone number_email"), Email): Text 'gopi9162816@gmail.com' is set on object 'Object Repository/Amazon_button005/Page_Amazon Sign In/input_Email or mobile phone number_email'

08-02-2024T15:43:38 - [MESSAGE][PASSED] - Text 'gopi9162816@gmail.com' is set on object 'Object Repository/Amazon_button005/Page_Amazon Sign In/input_Email or mobile phone number_email'

08-02-2024T15:43:38 - [TEST_STEP][PASSED] - click(findTestObject("Object Repository/Amazontestcase005_OR/Page_Amazon Sign In/input_Enter your email or mobile phone numb_fc7402")): Object: 'Object Repository/Amazontestcase005_OR/Page_Amazon Sign In/input_Enter your email or mobile phone numb_fc7402' is clicked on

08-02-2024T15:43:40 - [MESSAGE][PASSED] - Object: 'Object Repository/Amazontestcase005_OR/Page_Amazon Sign In/input_Enter your email or mobile phone numb_fc7402' is clicked on

08-02-2024T15:43:40 - [TEST_STEP][PASSED] - setEncryptedText(findTestObject("Object Repository/Amazontestcase005_OR/Page_Amazon Sign In/input_Forgot Password_password"), "0KgSb6dmQkDO+DyTs7S1JA=="): Text ****** has been set on object 'Object Repository/Amazontestcase005_OR/Page_Amazon Sign In/input_Forgot Password_password'

08-02-2024T15:43:41 - [MESSAGE][PASSED] - Text ****** has been set on object 'Object Repository/Amazontestcase005_OR/Page_Amazon Sign In/input_Forgot Password_password'

08-02-2024T15:43:41 - [TEST_STEP][PASSED] - click(findTestObject("Object Repository/Amazontestcase005_OR/Page_Amazon Sign In/input_Enter your password_signInSubmit")): Object: 'Object Repository/Amazontestcase005_OR/Page_Amazon Sign In/input_Enter your password_signInSubmit' is clicked on

08-02-2024T15:43:41 - [MESSAGE][PASSED] - Object: 'Object Repository/Amazontestcase005_OR/Page_Amazon Sign In/input_Enter your password_signInSubmit' is clicked on

08-02-2024T15:43:41 - [TEST_STEP][PASSED] - selectOptionByValue(findTestObject("Object Repository/Amazontestcase005_OR/Page_Online Shopping site in India Shop Onl_10c5f3/select_All Categories        Alexa Skills  _a62561"), "search-alias=appliances", true): All options with value 'search-alias=appliances' are selected in object 'Object Repository/Amazontestcase005_OR/Page_Online Shopping site in India Shop Onl_10c5f3/select_All Categories        Alexa Skills  _a62561'  using regular expression

08-02-2024T15:43:48 - [MESSAGE][PASSED] - All options with value 'search-alias=appliances' are selected in object 'Object Repository/Amazontestcase005_OR/Page_Online Shopping site in India Shop Onl_10c5f3/select_All Categories        Alexa Skills  _a62561'  using regular expression

08-02-2024T15:43:48 - [TEST_STEP][PASSED] - setText(findTestObject("Object Repository/Amazontestcase005_OR/Page_Online Shopping site in India Shop Onl_10c5f3/input_Search Amazon.in_field-keywords"), Input): Text 'oneplus 12' is set on object 'Object Repository/Amazontestcase005_OR/Page_Online Shopping site in India Shop Onl_10c5f3/input_Search Amazon.in_field-keywords'

08-02-2024T15:43:49 - [MESSAGE][PASSED] - Text 'oneplus 12' is set on object 'Object Repository/Amazontestcase005_OR/Page_Online Shopping site in India Shop Onl_10c5f3/input_Search Amazon.in_field-keywords'

08-02-2024T15:43:49 - [TEST_STEP][PASSED] - click(findTestObject("Object Repository/Amazontestcase005_OR/Page_Online Shopping site in India Shop Onl_10c5f3/input_Search Amazon.in_nav-search-submit-button")): Object: 'Object Repository/Amazontestcase005_OR/Page_Online Shopping site in India Shop Onl_10c5f3/input_Search Amazon.in_nav-search-submit-button' is clicked on

08-02-2024T15:43:55 - [MESSAGE][PASSED] - Object: 'Object Repository/Amazontestcase005_OR/Page_Online Shopping site in India Shop Onl_10c5f3/input_Search Amazon.in_nav-search-submit-button' is clicked on

08-02-2024T15:43:55 - [TEST_STEP][PASSED] - click(findTestObject("Object Repository/Amazontestcase005_OR/Page_Amazon.in  one plus 12/span_OnePlus 12 (Silky Black, 12 GB RAM, 256GB)")): Object: 'Object Repository/Amazontestcase005_OR/Page_Amazon.in  one plus 12/span_OnePlus 12 (Silky Black, 12 GB RAM, 256GB)' is clicked on

08-02-2024T15:43:57 - [MESSAGE][PASSED] - Object: 'Object Repository/Amazontestcase005_OR/Page_Amazon.in  one plus 12/span_OnePlus 12 (Silky Black, 12 GB RAM, 256GB)' is clicked on

08-02-2024T15:43:57 - [TEST_STEP][PASSED] - closeBrowser(): Browser is closed

08-02-2024T15:43:58 - [MESSAGE][PASSED] - Browser is closed

08-02-2024T15:43:58 - [TEST_STEP][PASSED] - Start listener action : sampleAfterTestCase: Browser is closed

08-02-2024T15:43:58 - [TEST_STEP][PASSED] - closeBrowser(): Browser is closed

08-02-2024T15:43:58 - [MESSAGE][PASSED] - Browser is closed

08-02-2024T15:43:58 - [TEST_STEP][PASSED] - Start listener action : sampleAfterTestCase: Browser is closed

08-02-2024T15:43:58 - [TEST_STEP][PASSED] - closeBrowser(): Browser is closed

08-02-2024T15:43:58 - [MESSAGE][PASSED] - Browser is closed

08-02-2024T15:43:58 - [TEST_STEP][PASSED] - Start listener action : sampleAfterTestCase: Browser is closed

08-02-2024T15:43:58 - [TEST_STEP][PASSED] - closeBrowser(): Browser is closed

08-02-2024T15:43:58 - [MESSAGE][PASSED] - Browser is closed

08-02-2024T15:43:58 - [TEST_STEP][PASSED] - Start listener action : sampleAfterTestCase: Browser is closed

08-02-2024T15:43:58 - [TEST_STEP][PASSED] - closeBrowser(): Browser is closed

08-02-2024T15:43:58 - [MESSAGE][PASSED] - Browser is closed

08-02-2024T15:43:58 - [TEST_STEP][PASSED] - Start listener action : sampleAfterTestCase: Browser is closed

08-02-2024T15:43:58 - [TEST_STEP][PASSED] - closeBrowser(): Browser is closed

08-02-2024T15:43:58 - [MESSAGE][PASSED] - Browser is closed]]></system-out>
         <system-err><![CDATA[]]></system-err>
      </testcase>
      <system-out><![CDATA[08-02-2024T15:42:52 - [TEST_SUITE][PASSED] - Amazon_testsuite005: Test Cases/Amazon_testcase_005]]></system-out>
      <system-err><![CDATA[]]></system-err>
   </testsuite>
</testsuites>
