<?xml version="1.0" encoding="UTF-8"?>
<testsuites name="Amazon_TL003" time="45.944" tests="1" failures="0" errors="0">
   <testsuite name="Amazon_TL003" tests="1" failures="0" errors="0" time="45.944" skipped="0" timestamp="08-02-2024T14:52:00" hostname="gopi krishna - LENOVO-C340" id="Test Suites/Amazon_TL003">
      <properties>
         <property name="deviceName" value=""/>
         <property name="devicePlatform" value=""/>
         <property name="logFolder" value="C:\\Users\\gopi krishna\\git\\Amazon-Project\\Reports\\20240208_145155\\Amazon_TL003\\20240208_145155"/>
         <property name="logFiles" value="C:\\Users\\gopi krishna\\git\\Amazon-Project\\Reports\\20240208_145155\\Amazon_TL003\\20240208_145155\\execution0.log"/>
         <property name="attachments" value=""/>
         <property name="hostName" value="gopi krishna - LENOVO-C340"/>
         <property name="os" value="Windows 11 64bit"/>
         <property name="katalonVersion" value="9.3.0.212"/>
         <property name="browser" value="Chrome 121.0.0.0"/>
         <property name="hostAddress" value="192.168.1.8"/>
         <property name="sessionId" value="089cefad75d390a3a65ad7b4f53a968e"/>
         <property name="seleniumVersion" value="3.141.59"/>
         <property name="proxyInformation" value="ProxyInformation { proxyOption=NO_PROXY, proxyServerType=HTTP, username=, password=********, proxyServerAddress=, proxyServerPort=0, executionList=&quot;&quot;, isApplyToDesiredCapabilities=true }"/>
         <property name="platform" value="Windows 11"/>
      </properties>
      <testcase name="Test Cases/Amazon_testcase_003" time="45.594" classname="Test Cases/Amazon_testcase_003" status="PASSED">
         <system-out><![CDATA[08-02-2024T14:52:00 - [TEST_CASE][PASSED] - Test Cases/Amazon_testcase_003: Test Cases/Amazon_testcase_003

08-02-2024T14:52:00 - [TEST_STEP][PASSED] - Start listener action : sampleBeforeTestCase: Navigate to 'https://www.amazon.in/' successfully

08-02-2024T14:52:00 - [TEST_STEP][PASSED] - openBrowser(""): Browser is opened with url: ''

08-02-2024T14:52:00 - [MESSAGE][INFO] - Starting 'Chrome' driver

08-02-2024T14:52:01 - [MESSAGE][INFO] - Action delay is set to 0 milliseconds

08-02-2024T14:52:03 - [MESSAGE][PASSED] - Browser is opened with url: ''

08-02-2024T14:52:03 - [TEST_STEP][PASSED] - navigateToUrl("https://www.amazon.in/"): Navigate to 'https://www.amazon.in/' successfully

08-02-2024T14:52:04 - [MESSAGE][PASSED] - Navigate to 'https://www.amazon.in/' successfully

08-02-2024T14:52:04 - [TEST_STEP][PASSED] - Start listener action : sampleBeforeTestCase: Navigate to 'https://www.amazon.in/' successfully

08-02-2024T14:52:04 - [TEST_STEP][PASSED] - openBrowser(""): Browser is opened with url: ''

08-02-2024T14:52:04 - [MESSAGE][WARNING] - A browser is already opened. Closing browser and opening a new one

08-02-2024T14:52:05 - [MESSAGE][INFO] - Starting 'Chrome' driver

08-02-2024T14:52:05 - [MESSAGE][INFO] - Action delay is set to 0 milliseconds

08-02-2024T14:52:06 - [MESSAGE][PASSED] - Browser is opened with url: ''

08-02-2024T14:52:06 - [TEST_STEP][PASSED] - navigateToUrl("https://www.amazon.in/"): Navigate to 'https://www.amazon.in/' successfully

08-02-2024T14:52:06 - [MESSAGE][PASSED] - Navigate to 'https://www.amazon.in/' successfully

08-02-2024T14:52:06 - [TEST_STEP][PASSED] - Start listener action : sampleBeforeTestCase: Navigate to 'https://www.amazon.in/' successfully

08-02-2024T14:52:06 - [TEST_STEP][PASSED] - openBrowser(""): Browser is opened with url: ''

08-02-2024T14:52:06 - [MESSAGE][WARNING] - A browser is already opened. Closing browser and opening a new one

08-02-2024T14:52:07 - [MESSAGE][INFO] - Starting 'Chrome' driver

08-02-2024T14:52:07 - [MESSAGE][INFO] - Action delay is set to 0 milliseconds

08-02-2024T14:52:08 - [MESSAGE][PASSED] - Browser is opened with url: ''

08-02-2024T14:52:08 - [TEST_STEP][PASSED] - navigateToUrl("https://www.amazon.in/"): Navigate to 'https://www.amazon.in/' successfully

08-02-2024T14:52:08 - [MESSAGE][PASSED] - Navigate to 'https://www.amazon.in/' successfully

08-02-2024T14:52:08 - [TEST_STEP][PASSED] - Start listener action : sampleBeforeTestCase: Navigate to 'https://www.amazon.in/' successfully

08-02-2024T14:52:08 - [TEST_STEP][PASSED] - openBrowser(""): Browser is opened with url: ''

08-02-2024T14:52:08 - [MESSAGE][WARNING] - A browser is already opened. Closing browser and opening a new one

08-02-2024T14:52:09 - [MESSAGE][INFO] - Starting 'Chrome' driver

08-02-2024T14:52:09 - [MESSAGE][INFO] - Action delay is set to 0 milliseconds

08-02-2024T14:52:09 - [MESSAGE][PASSED] - Browser is opened with url: ''

08-02-2024T14:52:09 - [TEST_STEP][PASSED] - navigateToUrl("https://www.amazon.in/"): Navigate to 'https://www.amazon.in/' successfully

08-02-2024T14:52:10 - [MESSAGE][PASSED] - Navigate to 'https://www.amazon.in/' successfully

08-02-2024T14:52:10 - [TEST_STEP][PASSED] - Start listener action : sampleBeforeTestCase: Navigate to 'https://www.amazon.in/' successfully

08-02-2024T14:52:10 - [TEST_STEP][PASSED] - openBrowser(""): Browser is opened with url: ''

08-02-2024T14:52:10 - [MESSAGE][WARNING] - A browser is already opened. Closing browser and opening a new one

08-02-2024T14:52:10 - [MESSAGE][INFO] - Starting 'Chrome' driver

08-02-2024T14:52:10 - [MESSAGE][INFO] - Action delay is set to 0 milliseconds

08-02-2024T14:52:11 - [MESSAGE][PASSED] - Browser is opened with url: ''

08-02-2024T14:52:11 - [TEST_STEP][PASSED] - navigateToUrl("https://www.amazon.in/"): Navigate to 'https://www.amazon.in/' successfully

08-02-2024T14:52:12 - [MESSAGE][PASSED] - Navigate to 'https://www.amazon.in/' successfully

08-02-2024T14:52:12 - [TEST_STEP][PASSED] - openBrowser(""): Browser is opened with url: ''

08-02-2024T14:52:12 - [MESSAGE][WARNING] - A browser is already opened. Closing browser and opening a new one

08-02-2024T14:52:12 - [MESSAGE][INFO] - Starting 'Chrome' driver

08-02-2024T14:52:12 - [MESSAGE][INFO] - Action delay is set to 0 milliseconds

08-02-2024T14:52:13 - [MESSAGE][PASSED] - Browser is opened with url: ''

08-02-2024T14:52:13 - [TEST_STEP][PASSED] - navigateToUrl("https://www.amazon.in/"): Navigate to 'https://www.amazon.in/' successfully

08-02-2024T14:52:14 - [MESSAGE][PASSED] - Navigate to 'https://www.amazon.in/' successfully

08-02-2024T14:52:14 - [TEST_STEP][PASSED] - click(findTestObject("Object Repository/Amazontestcase003_OR/Page_Online Shopping site in India Shop Onl_10c5f3/a_Hello, sign in  Account  Lists")): Object: 'Object Repository/Amazontestcase003_OR/Page_Online Shopping site in India Shop Onl_10c5f3/a_Hello, sign in  Account  Lists' is clicked on

08-02-2024T14:52:16 - [MESSAGE][PASSED] - Object: 'Object Repository/Amazontestcase003_OR/Page_Online Shopping site in India Shop Onl_10c5f3/a_Hello, sign in  Account  Lists' is clicked on

08-02-2024T14:52:16 - [TEST_STEP][PASSED] - setText(findTestObject("Object Repository/Amazontestcase003_OR/Page_Amazon Sign In/input_Email or mobile phone number_email"), Email): Text '' is set on object 'Object Repository/Amazontestcase003_OR/Page_Amazon Sign In/input_Email or mobile phone number_email'

08-02-2024T14:52:18 - [MESSAGE][PASSED] - Text '' is set on object 'Object Repository/Amazontestcase003_OR/Page_Amazon Sign In/input_Email or mobile phone number_email'

08-02-2024T14:52:18 - [TEST_STEP][PASSED] - click(findTestObject("Object Repository/Amazontestcase003_OR/Page_Amazon Sign In/input_Enter your email or mobile phone numb_fc7402")): Object: 'Object Repository/Amazontestcase003_OR/Page_Amazon Sign In/input_Enter your email or mobile phone numb_fc7402' is clicked on

08-02-2024T14:52:18 - [MESSAGE][PASSED] - Object: 'Object Repository/Amazontestcase003_OR/Page_Amazon Sign In/input_Enter your email or mobile phone numb_fc7402' is clicked on

08-02-2024T14:52:18 - [TEST_STEP][PASSED] - setEncryptedText(findTestObject("Object Repository/Amazontestcase003_OR/Page_Amazon Sign In/input_Forgot Password_password"), "0KgSb6dmQkDO+DyTs7S1JA=="): Text ****** has been set on object 'Object Repository/Amazontestcase003_OR/Page_Amazon Sign In/input_Forgot Password_password'

08-02-2024T14:52:40 - [MESSAGE][PASSED] - Text ****** has been set on object 'Object Repository/Amazontestcase003_OR/Page_Amazon Sign In/input_Forgot Password_password'

08-02-2024T14:52:40 - [TEST_STEP][PASSED] - click(findTestObject("Object Repository/Amazontestcase003_OR/Page_Amazon Sign In/input_Enter your password_signInSubmit")): Object: 'Object Repository/Amazontestcase003_OR/Page_Amazon Sign In/input_Enter your password_signInSubmit' is clicked on

08-02-2024T14:52:40 - [MESSAGE][PASSED] - Object: 'Object Repository/Amazontestcase003_OR/Page_Amazon Sign In/input_Enter your password_signInSubmit' is clicked on

08-02-2024T14:52:40 - [TEST_STEP][PASSED] - click(findTestObject("Amazon_button003/Page_Online Shopping site in India Shop Online for Mobiles, Books, Watches, Shoes and More - Amazon.in/span_Secunderabad 500009")): Object: 'Object Repository/Amazon_button003/Page_Online Shopping site in India Shop Online for Mobiles, Books, Watches, Shoes and More - Amazon.in/span_Secunderabad 500009' is clicked on

08-02-2024T14:52:43 - [MESSAGE][PASSED] - Object: 'Object Repository/Amazon_button003/Page_Online Shopping site in India Shop Online for Mobiles, Books, Watches, Shoes and More - Amazon.in/span_Secunderabad 500009' is clicked on

08-02-2024T14:52:43 - [TEST_STEP][PASSED] - setText(findTestObject("Object Repository/Amazontestcase003_OR/Page_Online Shopping site in India Shop Onl_10c5f3/input_or enter an Indian pincode_GLUXZipUpd_df256c"), Pincode): Text '' is set on object 'Object Repository/Amazontestcase003_OR/Page_Online Shopping site in India Shop Onl_10c5f3/input_or enter an Indian pincode_GLUXZipUpd_df256c'

08-02-2024T14:52:44 - [MESSAGE][PASSED] - Text '' is set on object 'Object Repository/Amazontestcase003_OR/Page_Online Shopping site in India Shop Onl_10c5f3/input_or enter an Indian pincode_GLUXZipUpd_df256c'

08-02-2024T14:52:44 - [TEST_STEP][PASSED] - click(findTestObject("Object Repository/Amazontestcase003_OR/Page_Online Shopping site in India Shop Onl_10c5f3/input_or enter an Indian pincode_a-button-input")): Object: 'Object Repository/Amazontestcase003_OR/Page_Online Shopping site in India Shop Onl_10c5f3/input_or enter an Indian pincode_a-button-input' is clicked on

08-02-2024T14:52:45 - [MESSAGE][PASSED] - Object: 'Object Repository/Amazontestcase003_OR/Page_Online Shopping site in India Shop Onl_10c5f3/input_or enter an Indian pincode_a-button-input' is clicked on

08-02-2024T14:52:45 - [TEST_STEP][PASSED] - verifyCheckpoint(findCheckpoint("Checkpoints/Amazon_CP003"), false): Checkpoint data and Source data are matched

08-02-2024T14:52:45 - [MESSAGE][PASSED] - Checkpoint data and Source data are matched

08-02-2024T14:52:45 - [TEST_STEP][PASSED] - closeBrowser(): Browser is closed

08-02-2024T14:52:46 - [MESSAGE][PASSED] - Browser is closed

08-02-2024T14:52:46 - [TEST_STEP][PASSED] - Start listener action : sampleAfterTestCase: Browser is closed

08-02-2024T14:52:46 - [TEST_STEP][PASSED] - closeBrowser(): Browser is closed

08-02-2024T14:52:46 - [MESSAGE][PASSED] - Browser is closed

08-02-2024T14:52:46 - [TEST_STEP][PASSED] - Start listener action : sampleAfterTestCase: Browser is closed

08-02-2024T14:52:46 - [TEST_STEP][PASSED] - closeBrowser(): Browser is closed

08-02-2024T14:52:46 - [MESSAGE][PASSED] - Browser is closed

08-02-2024T14:52:46 - [TEST_STEP][PASSED] - Start listener action : sampleAfterTestCase: Browser is closed

08-02-2024T14:52:46 - [TEST_STEP][PASSED] - closeBrowser(): Browser is closed

08-02-2024T14:52:46 - [MESSAGE][PASSED] - Browser is closed

08-02-2024T14:52:46 - [TEST_STEP][PASSED] - Start listener action : sampleAfterTestCase: Browser is closed

08-02-2024T14:52:46 - [TEST_STEP][PASSED] - closeBrowser(): Browser is closed

08-02-2024T14:52:46 - [MESSAGE][PASSED] - Browser is closed

08-02-2024T14:52:46 - [TEST_STEP][PASSED] - Start listener action : sampleAfterTestCase: Browser is closed

08-02-2024T14:52:46 - [TEST_STEP][PASSED] - closeBrowser(): Browser is closed

08-02-2024T14:52:46 - [MESSAGE][PASSED] - Browser is closed]]></system-out>
         <system-err><![CDATA[]]></system-err>
      </testcase>
      <system-out><![CDATA[08-02-2024T14:52:00 - [TEST_SUITE][PASSED] - Amazon_TL003: Test Cases/Amazon_testcase_003]]></system-out>
      <system-err><![CDATA[]]></system-err>
   </testsuite>
</testsuites>
