<?xml version="1.0" encoding="UTF-8"?>
<testsuites name="Amazon_testsuite004" time="37.132" tests="1" failures="0" errors="0">
   <testsuite name="Amazon_testsuite004" tests="1" failures="0" errors="0" time="37.132" skipped="0" timestamp="08-02-2024T14:59:56" hostname="gopi krishna - LENOVO-C340" id="Test Suites/Amazon_testsuite004">
      <properties>
         <property name="deviceName" value=""/>
         <property name="devicePlatform" value=""/>
         <property name="logFolder" value="C:\\Users\\gopi krishna\\git\\Amazon-Project\\Reports\\20240208_145951\\Amazon_testsuite004\\20240208_145951"/>
         <property name="logFiles" value="C:\\Users\\gopi krishna\\git\\Amazon-Project\\Reports\\20240208_145951\\Amazon_testsuite004\\20240208_145951\\execution0.log"/>
         <property name="attachments" value=""/>
         <property name="hostName" value="gopi krishna - LENOVO-C340"/>
         <property name="os" value="Windows 11 64bit"/>
         <property name="katalonVersion" value="9.3.0.212"/>
         <property name="browser" value="Chrome 121.0.0.0"/>
         <property name="hostAddress" value="192.168.1.8"/>
         <property name="sessionId" value="37c928b7d1a162afa1f3f1408e3733b6"/>
         <property name="seleniumVersion" value="3.141.59"/>
         <property name="proxyInformation" value="ProxyInformation { proxyOption=NO_PROXY, proxyServerType=HTTP, username=, password=********, proxyServerAddress=, proxyServerPort=0, executionList=&quot;&quot;, isApplyToDesiredCapabilities=true }"/>
         <property name="platform" value="Windows 11"/>
      </properties>
      <testcase name="Test Cases/Amazon_testcase_004" time="36.752" classname="Test Cases/Amazon_testcase_004" status="PASSED">
         <system-out><![CDATA[08-02-2024T14:59:57 - [TEST_CASE][PASSED] - Test Cases/Amazon_testcase_004: Test Cases/Amazon_testcase_004

08-02-2024T14:59:57 - [TEST_STEP][PASSED] - Start listener action : sampleBeforeTestCase: Navigate to 'https://www.amazon.in/' successfully

08-02-2024T14:59:57 - [TEST_STEP][PASSED] - openBrowser(""): Browser is opened with url: ''

08-02-2024T14:59:57 - [MESSAGE][INFO] - Starting 'Chrome' driver

08-02-2024T14:59:57 - [MESSAGE][INFO] - Action delay is set to 0 milliseconds

08-02-2024T14:59:59 - [MESSAGE][PASSED] - Browser is opened with url: ''

08-02-2024T14:59:59 - [TEST_STEP][PASSED] - navigateToUrl("https://www.amazon.in/"): Navigate to 'https://www.amazon.in/' successfully

08-02-2024T15:00:00 - [MESSAGE][PASSED] - Navigate to 'https://www.amazon.in/' successfully

08-02-2024T15:00:00 - [TEST_STEP][PASSED] - Start listener action : sampleBeforeTestCase: Navigate to 'https://www.amazon.in/' successfully

08-02-2024T15:00:00 - [TEST_STEP][PASSED] - openBrowser(""): Browser is opened with url: ''

08-02-2024T15:00:00 - [MESSAGE][WARNING] - A browser is already opened. Closing browser and opening a new one

08-02-2024T15:00:00 - [MESSAGE][INFO] - Starting 'Chrome' driver

08-02-2024T15:00:00 - [MESSAGE][INFO] - Action delay is set to 0 milliseconds

08-02-2024T15:00:01 - [MESSAGE][PASSED] - Browser is opened with url: ''

08-02-2024T15:00:01 - [TEST_STEP][PASSED] - navigateToUrl("https://www.amazon.in/"): Navigate to 'https://www.amazon.in/' successfully

08-02-2024T15:00:02 - [MESSAGE][PASSED] - Navigate to 'https://www.amazon.in/' successfully

08-02-2024T15:00:02 - [TEST_STEP][PASSED] - Start listener action : sampleBeforeTestCase: Navigate to 'https://www.amazon.in/' successfully

08-02-2024T15:00:02 - [TEST_STEP][PASSED] - openBrowser(""): Browser is opened with url: ''

08-02-2024T15:00:02 - [MESSAGE][WARNING] - A browser is already opened. Closing browser and opening a new one

08-02-2024T15:00:03 - [MESSAGE][INFO] - Starting 'Chrome' driver

08-02-2024T15:00:03 - [MESSAGE][INFO] - Action delay is set to 0 milliseconds

08-02-2024T15:00:03 - [MESSAGE][PASSED] - Browser is opened with url: ''

08-02-2024T15:00:03 - [TEST_STEP][PASSED] - navigateToUrl("https://www.amazon.in/"): Navigate to 'https://www.amazon.in/' successfully

08-02-2024T15:00:04 - [MESSAGE][PASSED] - Navigate to 'https://www.amazon.in/' successfully

08-02-2024T15:00:04 - [TEST_STEP][PASSED] - Start listener action : sampleBeforeTestCase: Navigate to 'https://www.amazon.in/' successfully

08-02-2024T15:00:04 - [TEST_STEP][PASSED] - openBrowser(""): Browser is opened with url: ''

08-02-2024T15:00:04 - [MESSAGE][WARNING] - A browser is already opened. Closing browser and opening a new one

08-02-2024T15:00:04 - [MESSAGE][INFO] - Starting 'Chrome' driver

08-02-2024T15:00:04 - [MESSAGE][INFO] - Action delay is set to 0 milliseconds

08-02-2024T15:00:05 - [MESSAGE][PASSED] - Browser is opened with url: ''

08-02-2024T15:00:05 - [TEST_STEP][PASSED] - navigateToUrl("https://www.amazon.in/"): Navigate to 'https://www.amazon.in/' successfully

08-02-2024T15:00:06 - [MESSAGE][PASSED] - Navigate to 'https://www.amazon.in/' successfully

08-02-2024T15:00:06 - [TEST_STEP][PASSED] - Start listener action : sampleBeforeTestCase: Navigate to 'https://www.amazon.in/' successfully

08-02-2024T15:00:06 - [TEST_STEP][PASSED] - openBrowser(""): Browser is opened with url: ''

08-02-2024T15:00:06 - [MESSAGE][WARNING] - A browser is already opened. Closing browser and opening a new one

08-02-2024T15:00:07 - [MESSAGE][INFO] - Starting 'Chrome' driver

08-02-2024T15:00:07 - [MESSAGE][INFO] - Action delay is set to 0 milliseconds

08-02-2024T15:00:07 - [MESSAGE][PASSED] - Browser is opened with url: ''

08-02-2024T15:00:07 - [TEST_STEP][PASSED] - navigateToUrl("https://www.amazon.in/"): Navigate to 'https://www.amazon.in/' successfully

08-02-2024T15:00:08 - [MESSAGE][PASSED] - Navigate to 'https://www.amazon.in/' successfully

08-02-2024T15:00:08 - [TEST_STEP][PASSED] - openBrowser(""): Browser is opened with url: ''

08-02-2024T15:00:08 - [MESSAGE][WARNING] - A browser is already opened. Closing browser and opening a new one

08-02-2024T15:00:08 - [MESSAGE][INFO] - Starting 'Chrome' driver

08-02-2024T15:00:08 - [MESSAGE][INFO] - Action delay is set to 0 milliseconds

08-02-2024T15:00:09 - [MESSAGE][PASSED] - Browser is opened with url: ''

08-02-2024T15:00:09 - [TEST_STEP][PASSED] - navigateToUrl("https://www.amazon.in/"): Navigate to 'https://www.amazon.in/' successfully

08-02-2024T15:00:10 - [MESSAGE][PASSED] - Navigate to 'https://www.amazon.in/' successfully

08-02-2024T15:00:10 - [TEST_STEP][PASSED] - click(findTestObject("Object Repository/Amazontestcase004_OR/Page_Online Shopping site in India Shop Onl_10c5f3/span_Hello, sign in")): Object: 'Object Repository/Amazontestcase004_OR/Page_Online Shopping site in India Shop Onl_10c5f3/span_Hello, sign in' is clicked on

08-02-2024T15:00:23 - [MESSAGE][PASSED] - Object: 'Object Repository/Amazontestcase004_OR/Page_Online Shopping site in India Shop Onl_10c5f3/span_Hello, sign in' is clicked on

08-02-2024T15:00:23 - [TEST_STEP][PASSED] - setText(findTestObject("Amazon_button004/Page_Amazon Sign In/input_Email or mobile phone number_email"), "gopi9162816@gmail.com"): Text 'gopi9162816@gmail.com' is set on object 'Object Repository/Amazon_button004/Page_Amazon Sign In/input_Email or mobile phone number_email'

08-02-2024T15:00:24 - [MESSAGE][PASSED] - Text 'gopi9162816@gmail.com' is set on object 'Object Repository/Amazon_button004/Page_Amazon Sign In/input_Email or mobile phone number_email'

08-02-2024T15:00:24 - [TEST_STEP][PASSED] - click(findTestObject("Object Repository/Amazontestcase004_OR/Page_Amazon Sign In/input_Enter your email or mobile phone numb_fc7402")): Object: 'Object Repository/Amazontestcase004_OR/Page_Amazon Sign In/input_Enter your email or mobile phone numb_fc7402' is clicked on

08-02-2024T15:00:25 - [MESSAGE][PASSED] - Object: 'Object Repository/Amazontestcase004_OR/Page_Amazon Sign In/input_Enter your email or mobile phone numb_fc7402' is clicked on

08-02-2024T15:00:25 - [TEST_STEP][PASSED] - setEncryptedText(findTestObject("Object Repository/Amazontestcase004_OR/Page_Amazon Sign In/input_Forgot Password_password"), "0KgSb6dmQkDO+DyTs7S1JA=="): Text ****** has been set on object 'Object Repository/Amazontestcase004_OR/Page_Amazon Sign In/input_Forgot Password_password'

08-02-2024T15:00:26 - [MESSAGE][PASSED] - Text ****** has been set on object 'Object Repository/Amazontestcase004_OR/Page_Amazon Sign In/input_Forgot Password_password'

08-02-2024T15:00:26 - [TEST_STEP][PASSED] - click(findTestObject("Object Repository/Amazontestcase004_OR/Page_Amazon Sign In/input_Enter your password_signInSubmit")): Object: 'Object Repository/Amazontestcase004_OR/Page_Amazon Sign In/input_Enter your password_signInSubmit' is clicked on

08-02-2024T15:00:27 - [MESSAGE][PASSED] - Object: 'Object Repository/Amazontestcase004_OR/Page_Amazon Sign In/input_Enter your password_signInSubmit' is clicked on

08-02-2024T15:00:27 - [TEST_STEP][PASSED] - click(findTestObject("Amazon_button004/Page_Online Shopping site/span_Account  Lists")): Object: 'Object Repository/Amazon_button004/Page_Online Shopping site/span_Account  Lists' is clicked on

08-02-2024T15:00:31 - [MESSAGE][PASSED] - Object: 'Object Repository/Amazon_button004/Page_Online Shopping site/span_Account  Lists' is clicked on

08-02-2024T15:00:31 - [TEST_STEP][PASSED] - click(findTestObject("Amazon_button004/Page_Your Account/h2_Your Orders")): Object: 'Object Repository/Amazon_button004/Page_Your Account/h2_Your Orders' is clicked on

08-02-2024T15:00:33 - [MESSAGE][PASSED] - Object: 'Object Repository/Amazon_button004/Page_Your Account/h2_Your Orders' is clicked on

08-02-2024T15:00:33 - [TEST_STEP][PASSED] - closeBrowser(): Browser is closed

08-02-2024T15:00:33 - [MESSAGE][PASSED] - Browser is closed

08-02-2024T15:00:33 - [TEST_STEP][PASSED] - Start listener action : sampleAfterTestCase: Browser is closed

08-02-2024T15:00:33 - [TEST_STEP][PASSED] - closeBrowser(): Browser is closed

08-02-2024T15:00:33 - [MESSAGE][PASSED] - Browser is closed

08-02-2024T15:00:33 - [TEST_STEP][PASSED] - Start listener action : sampleAfterTestCase: Browser is closed

08-02-2024T15:00:33 - [TEST_STEP][PASSED] - closeBrowser(): Browser is closed

08-02-2024T15:00:34 - [MESSAGE][PASSED] - Browser is closed

08-02-2024T15:00:34 - [TEST_STEP][PASSED] - Start listener action : sampleAfterTestCase: Browser is closed

08-02-2024T15:00:34 - [TEST_STEP][PASSED] - closeBrowser(): Browser is closed

08-02-2024T15:00:34 - [MESSAGE][PASSED] - Browser is closed

08-02-2024T15:00:34 - [TEST_STEP][PASSED] - Start listener action : sampleAfterTestCase: Browser is closed

08-02-2024T15:00:34 - [TEST_STEP][PASSED] - closeBrowser(): Browser is closed

08-02-2024T15:00:34 - [MESSAGE][PASSED] - Browser is closed

08-02-2024T15:00:34 - [TEST_STEP][PASSED] - Start listener action : sampleAfterTestCase: Browser is closed

08-02-2024T15:00:34 - [TEST_STEP][PASSED] - closeBrowser(): Browser is closed

08-02-2024T15:00:34 - [MESSAGE][PASSED] - Browser is closed]]></system-out>
         <system-err><![CDATA[]]></system-err>
      </testcase>
      <system-out><![CDATA[08-02-2024T14:59:56 - [TEST_SUITE][PASSED] - Amazon_testsuite004: Test Cases/Amazon_testcase_004]]></system-out>
      <system-err><![CDATA[]]></system-err>
   </testsuite>
</testsuites>
