<?xml version="1.0" encoding="UTF-8"?>
<testsuites name="Amazon_TestSuiteCollection004" time="44.497" tests="1" failures="0" errors="0">
   <testsuite name="Amazon_testsuite004" tests="1" failures="0" errors="0" time="38.951" skipped="0" timestamp="08-02-2024T15:02:36" hostname="gopi krishna - LENOVO-C340" id="Test Suites/Amazon_testsuite004">
      <properties>
         <property name="deviceName" value=""/>
         <property name="devicePlatform" value=""/>
         <property name="logFolder" value="C:\\Users\\gopi krishna\\git\\Amazon-Project\\Reports\\20240208_150230\\Amazon_testsuite004\\20240208_150231"/>
         <property name="logFiles" value="C:\\Users\\gopi krishna\\git\\Amazon-Project\\Reports\\20240208_150230\\Amazon_testsuite004\\20240208_150231\\execution0.log"/>
         <property name="attachments" value=""/>
         <property name="hostName" value="gopi krishna - LENOVO-C340"/>
         <property name="os" value="Windows 11 64bit"/>
         <property name="katalonVersion" value="9.3.0.212"/>
         <property name="browser" value="Chrome 121.0.0.0"/>
         <property name="hostAddress" value="192.168.1.8"/>
         <property name="sessionId" value="9489ec052117c8fbfdb861a60c42a013"/>
         <property name="seleniumVersion" value="3.141.59"/>
         <property name="proxyInformation" value="ProxyInformation { proxyOption=NO_PROXY, proxyServerType=HTTP, username=, password=********, proxyServerAddress=, proxyServerPort=0, executionList=&quot;&quot;, isApplyToDesiredCapabilities=true }"/>
         <property name="platform" value="Windows 11"/>
      </properties>
      <testcase name="Test Cases/Amazon_testcase_004" time="38.586" classname="Test Cases/Amazon_testcase_004" status="PASSED">
         <system-out><![CDATA[08-02-2024T15:02:37 - [TEST_CASE][PASSED] - Test Cases/Amazon_testcase_004: Test Cases/Amazon_testcase_004

08-02-2024T15:02:37 - [TEST_STEP][PASSED] - Start listener action : sampleBeforeTestCase: Navigate to 'https://www.amazon.in/' successfully

08-02-2024T15:02:37 - [TEST_STEP][PASSED] - openBrowser(""): Browser is opened with url: ''

08-02-2024T15:02:37 - [MESSAGE][INFO] - Starting 'Chrome' driver

08-02-2024T15:02:37 - [MESSAGE][INFO] - Action delay is set to 0 milliseconds

08-02-2024T15:02:39 - [MESSAGE][PASSED] - Browser is opened with url: ''

08-02-2024T15:02:39 - [TEST_STEP][PASSED] - navigateToUrl("https://www.amazon.in/"): Navigate to 'https://www.amazon.in/' successfully

08-02-2024T15:02:40 - [MESSAGE][PASSED] - Navigate to 'https://www.amazon.in/' successfully

08-02-2024T15:02:40 - [TEST_STEP][PASSED] - Start listener action : sampleBeforeTestCase: Navigate to 'https://www.amazon.in/' successfully

08-02-2024T15:02:40 - [TEST_STEP][PASSED] - openBrowser(""): Browser is opened with url: ''

08-02-2024T15:02:40 - [MESSAGE][WARNING] - A browser is already opened. Closing browser and opening a new one

08-02-2024T15:02:40 - [MESSAGE][INFO] - Starting 'Chrome' driver

08-02-2024T15:02:40 - [MESSAGE][INFO] - Action delay is set to 0 milliseconds

08-02-2024T15:02:41 - [MESSAGE][PASSED] - Browser is opened with url: ''

08-02-2024T15:02:41 - [TEST_STEP][PASSED] - navigateToUrl("https://www.amazon.in/"): Navigate to 'https://www.amazon.in/' successfully

08-02-2024T15:02:42 - [MESSAGE][PASSED] - Navigate to 'https://www.amazon.in/' successfully

08-02-2024T15:02:42 - [TEST_STEP][PASSED] - Start listener action : sampleBeforeTestCase: Navigate to 'https://www.amazon.in/' successfully

08-02-2024T15:02:42 - [TEST_STEP][PASSED] - openBrowser(""): Browser is opened with url: ''

08-02-2024T15:02:42 - [MESSAGE][WARNING] - A browser is already opened. Closing browser and opening a new one

08-02-2024T15:02:42 - [MESSAGE][INFO] - Starting 'Chrome' driver

08-02-2024T15:02:42 - [MESSAGE][INFO] - Action delay is set to 0 milliseconds

08-02-2024T15:02:43 - [MESSAGE][PASSED] - Browser is opened with url: ''

08-02-2024T15:02:43 - [TEST_STEP][PASSED] - navigateToUrl("https://www.amazon.in/"): Navigate to 'https://www.amazon.in/' successfully

08-02-2024T15:02:44 - [MESSAGE][PASSED] - Navigate to 'https://www.amazon.in/' successfully

08-02-2024T15:02:44 - [TEST_STEP][PASSED] - Start listener action : sampleBeforeTestCase: Navigate to 'https://www.amazon.in/' successfully

08-02-2024T15:02:44 - [TEST_STEP][PASSED] - openBrowser(""): Browser is opened with url: ''

08-02-2024T15:02:44 - [MESSAGE][WARNING] - A browser is already opened. Closing browser and opening a new one

08-02-2024T15:02:44 - [MESSAGE][INFO] - Starting 'Chrome' driver

08-02-2024T15:02:44 - [MESSAGE][INFO] - Action delay is set to 0 milliseconds

08-02-2024T15:02:45 - [MESSAGE][PASSED] - Browser is opened with url: ''

08-02-2024T15:02:45 - [TEST_STEP][PASSED] - navigateToUrl("https://www.amazon.in/"): Navigate to 'https://www.amazon.in/' successfully

08-02-2024T15:02:46 - [MESSAGE][PASSED] - Navigate to 'https://www.amazon.in/' successfully

08-02-2024T15:02:46 - [TEST_STEP][PASSED] - Start listener action : sampleBeforeTestCase: Navigate to 'https://www.amazon.in/' successfully

08-02-2024T15:02:46 - [TEST_STEP][PASSED] - openBrowser(""): Browser is opened with url: ''

08-02-2024T15:02:46 - [MESSAGE][WARNING] - A browser is already opened. Closing browser and opening a new one

08-02-2024T15:02:46 - [MESSAGE][INFO] - Starting 'Chrome' driver

08-02-2024T15:02:46 - [MESSAGE][INFO] - Action delay is set to 0 milliseconds

08-02-2024T15:02:47 - [MESSAGE][PASSED] - Browser is opened with url: ''

08-02-2024T15:02:47 - [TEST_STEP][PASSED] - navigateToUrl("https://www.amazon.in/"): Navigate to 'https://www.amazon.in/' successfully

08-02-2024T15:02:48 - [MESSAGE][PASSED] - Navigate to 'https://www.amazon.in/' successfully

08-02-2024T15:02:48 - [TEST_STEP][PASSED] - openBrowser(""): Browser is opened with url: ''

08-02-2024T15:02:48 - [MESSAGE][WARNING] - A browser is already opened. Closing browser and opening a new one

08-02-2024T15:02:48 - [MESSAGE][INFO] - Starting 'Chrome' driver

08-02-2024T15:02:48 - [MESSAGE][INFO] - Action delay is set to 0 milliseconds

08-02-2024T15:02:49 - [MESSAGE][PASSED] - Browser is opened with url: ''

08-02-2024T15:02:49 - [TEST_STEP][PASSED] - navigateToUrl("https://www.amazon.in/"): Navigate to 'https://www.amazon.in/' successfully

08-02-2024T15:02:50 - [MESSAGE][PASSED] - Navigate to 'https://www.amazon.in/' successfully

08-02-2024T15:02:50 - [TEST_STEP][PASSED] - click(findTestObject("Object Repository/Amazontestcase004_OR/Page_Online Shopping site in India Shop Onl_10c5f3/span_Hello, sign in")): Object: 'Object Repository/Amazontestcase004_OR/Page_Online Shopping site in India Shop Onl_10c5f3/span_Hello, sign in' is clicked on

08-02-2024T15:03:06 - [MESSAGE][PASSED] - Object: 'Object Repository/Amazontestcase004_OR/Page_Online Shopping site in India Shop Onl_10c5f3/span_Hello, sign in' is clicked on

08-02-2024T15:03:06 - [TEST_STEP][PASSED] - setText(findTestObject("Amazon_button004/Page_Amazon Sign In/input_Email or mobile phone number_email"), Email): Text 'gopi9162816@gmail.com' is set on object 'Object Repository/Amazon_button004/Page_Amazon Sign In/input_Email or mobile phone number_email'

08-02-2024T15:03:06 - [MESSAGE][PASSED] - Text 'gopi9162816@gmail.com' is set on object 'Object Repository/Amazon_button004/Page_Amazon Sign In/input_Email or mobile phone number_email'

08-02-2024T15:03:06 - [TEST_STEP][PASSED] - click(findTestObject("Object Repository/Amazontestcase004_OR/Page_Amazon Sign In/input_Enter your email or mobile phone numb_fc7402")): Object: 'Object Repository/Amazontestcase004_OR/Page_Amazon Sign In/input_Enter your email or mobile phone numb_fc7402' is clicked on

08-02-2024T15:03:07 - [MESSAGE][PASSED] - Object: 'Object Repository/Amazontestcase004_OR/Page_Amazon Sign In/input_Enter your email or mobile phone numb_fc7402' is clicked on

08-02-2024T15:03:07 - [TEST_STEP][PASSED] - setEncryptedText(findTestObject("Object Repository/Amazontestcase004_OR/Page_Amazon Sign In/input_Forgot Password_password"), "0KgSb6dmQkDO+DyTs7S1JA=="): Text ****** has been set on object 'Object Repository/Amazontestcase004_OR/Page_Amazon Sign In/input_Forgot Password_password'

08-02-2024T15:03:08 - [MESSAGE][PASSED] - Text ****** has been set on object 'Object Repository/Amazontestcase004_OR/Page_Amazon Sign In/input_Forgot Password_password'

08-02-2024T15:03:08 - [TEST_STEP][PASSED] - click(findTestObject("Object Repository/Amazontestcase004_OR/Page_Amazon Sign In/input_Enter your password_signInSubmit")): Object: 'Object Repository/Amazontestcase004_OR/Page_Amazon Sign In/input_Enter your password_signInSubmit' is clicked on

08-02-2024T15:03:09 - [MESSAGE][PASSED] - Object: 'Object Repository/Amazontestcase004_OR/Page_Amazon Sign In/input_Enter your password_signInSubmit' is clicked on

08-02-2024T15:03:09 - [TEST_STEP][PASSED] - click(findTestObject("Amazon_button004/Page_Online Shopping site/span_Account  Lists")): Object: 'Object Repository/Amazon_button004/Page_Online Shopping site/span_Account  Lists' is clicked on

08-02-2024T15:03:13 - [MESSAGE][PASSED] - Object: 'Object Repository/Amazon_button004/Page_Online Shopping site/span_Account  Lists' is clicked on

08-02-2024T15:03:13 - [TEST_STEP][PASSED] - click(findTestObject("Amazon_button004/Page_Your Account/h2_Your Orders")): Object: 'Object Repository/Amazon_button004/Page_Your Account/h2_Your Orders' is clicked on

08-02-2024T15:03:15 - [MESSAGE][PASSED] - Object: 'Object Repository/Amazon_button004/Page_Your Account/h2_Your Orders' is clicked on

08-02-2024T15:03:15 - [TEST_STEP][PASSED] - closeBrowser(): Browser is closed

08-02-2024T15:03:15 - [MESSAGE][PASSED] - Browser is closed

08-02-2024T15:03:15 - [TEST_STEP][PASSED] - Start listener action : sampleAfterTestCase: Browser is closed

08-02-2024T15:03:15 - [TEST_STEP][PASSED] - closeBrowser(): Browser is closed

08-02-2024T15:03:15 - [MESSAGE][PASSED] - Browser is closed

08-02-2024T15:03:15 - [TEST_STEP][PASSED] - Start listener action : sampleAfterTestCase: Browser is closed

08-02-2024T15:03:15 - [TEST_STEP][PASSED] - closeBrowser(): Browser is closed

08-02-2024T15:03:15 - [MESSAGE][PASSED] - Browser is closed

08-02-2024T15:03:15 - [TEST_STEP][PASSED] - Start listener action : sampleAfterTestCase: Browser is closed

08-02-2024T15:03:15 - [TEST_STEP][PASSED] - closeBrowser(): Browser is closed

08-02-2024T15:03:15 - [MESSAGE][PASSED] - Browser is closed

08-02-2024T15:03:15 - [TEST_STEP][PASSED] - Start listener action : sampleAfterTestCase: Browser is closed

08-02-2024T15:03:15 - [TEST_STEP][PASSED] - closeBrowser(): Browser is closed

08-02-2024T15:03:15 - [MESSAGE][PASSED] - Browser is closed

08-02-2024T15:03:15 - [TEST_STEP][PASSED] - Start listener action : sampleAfterTestCase: Browser is closed

08-02-2024T15:03:15 - [TEST_STEP][PASSED] - closeBrowser(): Browser is closed

08-02-2024T15:03:15 - [MESSAGE][PASSED] - Browser is closed]]></system-out>
         <system-err><![CDATA[]]></system-err>
      </testcase>
      <system-out><![CDATA[08-02-2024T15:02:36 - [TEST_SUITE][PASSED] - Amazon_testsuite004: Test Cases/Amazon_testcase_004]]></system-out>
      <system-err><![CDATA[]]></system-err>
   </testsuite>
</testsuites>
