<?xml version="1.0" encoding="UTF-8"?>
<testsuites name="Amazon_testsuite001" time="25.532" tests="1" failures="0" errors="0">
   <testsuite name="Amazon_testsuite001" tests="1" failures="0" errors="0" time="25.532" skipped="0" timestamp="07-02-2024T11:45:17" hostname="gopi krishna - LENOVO-C340" id="Test Suites/Amazon_testsuite001">
      <properties>
         <property name="deviceName" value=""/>
         <property name="devicePlatform" value=""/>
         <property name="logFolder" value="C:\\Users\\gopi krishna\\git\\Amazon-Project\\Reports\\20240207_114509\\Amazon_testsuite001\\20240207_114509"/>
         <property name="logFiles" value="C:\\Users\\gopi krishna\\git\\Amazon-Project\\Reports\\20240207_114509\\Amazon_testsuite001\\20240207_114509\\execution0.log"/>
         <property name="attachments" value=""/>
         <property name="hostName" value="gopi krishna - LENOVO-C340"/>
         <property name="os" value="Windows 11 64bit"/>
         <property name="katalonVersion" value="9.2.0.212"/>
         <property name="browser" value="Chrome 121.0.0.0"/>
         <property name="hostAddress" value="192.168.1.9"/>
         <property name="sessionId" value="aea4b69ba608054127e660cd6155dcae"/>
         <property name="seleniumVersion" value="3.141.59"/>
         <property name="proxyInformation" value="ProxyInformation { proxyOption=NO_PROXY, proxyServerType=HTTP, username=, password=********, proxyServerAddress=, proxyServerPort=0, executionList=&quot;&quot;, isApplyToDesiredCapabilities=true }"/>
         <property name="platform" value="Windows 11"/>
      </properties>
      <testcase name="Test Cases/Amazon_testcase_001" time="25.136" classname="Test Cases/Amazon_testcase_001" status="PASSED">
         <system-out><![CDATA[07-02-2024T11:45:18 - [TEST_CASE][PASSED] - Test Cases/Amazon_testcase_001: Test Cases/Amazon_testcase_001

07-02-2024T11:45:18 - [TEST_STEP][PASSED] - openBrowser(""): Browser is opened with url: ''

07-02-2024T11:45:19 - [MESSAGE][INFO] - Starting 'Chrome' driver

07-02-2024T11:45:19 - [MESSAGE][INFO] - Action delay is set to 0 milliseconds

07-02-2024T11:45:22 - [MESSAGE][PASSED] - Browser is opened with url: ''

07-02-2024T11:45:22 - [TEST_STEP][PASSED] - navigateToUrl("https://www.amazon.in/"): Navigate to 'https://www.amazon.in/' successfully

07-02-2024T11:45:23 - [MESSAGE][PASSED] - Navigate to 'https://www.amazon.in/' successfully

07-02-2024T11:45:23 - [TEST_STEP][PASSED] - click(findTestObject("Object Repository/Amazontestcase001_OR/Page_Online Shopping site in India Shop Onl_10c5f3/span_Hello, sign in")): Object: 'Object Repository/Amazontestcase001_OR/Page_Online Shopping site in India Shop Onl_10c5f3/span_Hello, sign in' is clicked on

07-02-2024T11:45:37 - [MESSAGE][PASSED] - Object: 'Object Repository/Amazontestcase001_OR/Page_Online Shopping site in India Shop Onl_10c5f3/span_Hello, sign in' is clicked on

07-02-2024T11:45:37 - [TEST_STEP][PASSED] - setText(findTestObject("Object Repository/Amazontestcase001_OR/Page_Amazon Sign In/input_email"), "gopi9162816@gmail.com"): Text 'gopi9162816@gmail.com' is set on object 'Object Repository/Amazontestcase001_OR/Page_Amazon Sign In/input_email'

07-02-2024T11:45:39 - [MESSAGE][PASSED] - Text 'gopi9162816@gmail.com' is set on object 'Object Repository/Amazontestcase001_OR/Page_Amazon Sign In/input_email'

07-02-2024T11:45:39 - [TEST_STEP][PASSED] - click(findTestObject("Object Repository/Amazontestcase001_OR/Page_Amazon Sign In/inputcontinue")): Object: 'Object Repository/Amazontestcase001_OR/Page_Amazon Sign In/inputcontinue' is clicked on

07-02-2024T11:45:40 - [MESSAGE][PASSED] - Object: 'Object Repository/Amazontestcase001_OR/Page_Amazon Sign In/inputcontinue' is clicked on

07-02-2024T11:45:40 - [TEST_STEP][PASSED] - setEncryptedText(findTestObject("Object Repository/Amazontestcase001_OR/Page_Amazon Sign In/input_password"), "0KgSb6dmQkDO+DyTs7S1JA=="): Text ****** has been set on object 'Object Repository/Amazontestcase001_OR/Page_Amazon Sign In/input_password'

07-02-2024T11:45:41 - [MESSAGE][PASSED] - Text ****** has been set on object 'Object Repository/Amazontestcase001_OR/Page_Amazon Sign In/input_password'

07-02-2024T11:45:41 - [TEST_STEP][PASSED] - click(findTestObject("Object Repository/Amazontestcase001_OR/Page_Amazon Sign In/inputsignInSubmit")): Object: 'Object Repository/Amazontestcase001_OR/Page_Amazon Sign In/inputsignInSubmit' is clicked on

07-02-2024T11:45:42 - [MESSAGE][PASSED] - Object: 'Object Repository/Amazontestcase001_OR/Page_Amazon Sign In/inputsignInSubmit' is clicked on

07-02-2024T11:45:42 - [TEST_STEP][PASSED] - closeBrowser(): Browser is closed

07-02-2024T11:45:43 - [MESSAGE][PASSED] - Browser is closed]]></system-out>
         <system-err><![CDATA[]]></system-err>
      </testcase>
      <system-out><![CDATA[07-02-2024T11:45:17 - [TEST_SUITE][PASSED] - Amazon_testsuite001: Test Cases/Amazon_testcase_001]]></system-out>
      <system-err><![CDATA[]]></system-err>
   </testsuite>
</testsuites>
