<?xml version="1.0" encoding="UTF-8"?>
<testsuites name="Amazon_testsuite_excel003" time="39.683" tests="1" failures="0" errors="0">
   <testsuite name="Amazon_testsuite_excel003" tests="1" failures="0" errors="0" time="39.683" skipped="0" timestamp="08-02-2024T14:24:03" hostname="gopi krishna - LENOVO-C340" id="Test Suites/Amazon_testsuite_excel003">
      <properties>
         <property name="deviceName" value=""/>
         <property name="devicePlatform" value=""/>
         <property name="logFolder" value="C:\\Users\\gopi krishna\\git\\Amazon-Project\\Reports\\20240208_142355\\Amazon_testsuite_excel003\\20240208_142355"/>
         <property name="logFiles" value="C:\\Users\\gopi krishna\\git\\Amazon-Project\\Reports\\20240208_142355\\Amazon_testsuite_excel003\\20240208_142355\\execution0.log"/>
         <property name="attachments" value=""/>
         <property name="hostName" value="gopi krishna - LENOVO-C340"/>
         <property name="os" value="Windows 11 64bit"/>
         <property name="katalonVersion" value="9.3.0.212"/>
         <property name="browser" value="Chrome 121.0.0.0"/>
         <property name="hostAddress" value="192.168.1.8"/>
         <property name="sessionId" value="1149bd572cfa38cb5badc89dac46d64b"/>
         <property name="seleniumVersion" value="3.141.59"/>
         <property name="proxyInformation" value="ProxyInformation { proxyOption=NO_PROXY, proxyServerType=HTTP, username=, password=********, proxyServerAddress=, proxyServerPort=0, executionList=&quot;&quot;, isApplyToDesiredCapabilities=true }"/>
         <property name="platform" value="Windows 11"/>
      </properties>
      <testcase name="Test Cases/Amazon_testcase_003" time="39.009" classname="Test Cases/Amazon_testcase_003" status="PASSED">
         <system-out><![CDATA[08-02-2024T14:24:04 - [TEST_CASE][PASSED] - Test Cases/Amazon_testcase_003: Test Cases/Amazon_testcase_003

08-02-2024T14:24:04 - [TEST_STEP][PASSED] - Start listener action : sampleBeforeTestCase: Navigate to 'https://www.amazon.in/' successfully

08-02-2024T14:24:04 - [TEST_STEP][PASSED] - openBrowser(""): Browser is opened with url: ''

08-02-2024T14:24:04 - [MESSAGE][INFO] - Starting 'Chrome' driver

08-02-2024T14:24:04 - [MESSAGE][INFO] - Action delay is set to 0 milliseconds

08-02-2024T14:24:07 - [MESSAGE][PASSED] - Browser is opened with url: ''

08-02-2024T14:24:07 - [TEST_STEP][PASSED] - navigateToUrl("https://www.amazon.in/"): Navigate to 'https://www.amazon.in/' successfully

08-02-2024T14:24:08 - [MESSAGE][PASSED] - Navigate to 'https://www.amazon.in/' successfully

08-02-2024T14:24:08 - [TEST_STEP][PASSED] - Start listener action : sampleBeforeTestCase: Navigate to 'https://www.amazon.in/' successfully

08-02-2024T14:24:08 - [TEST_STEP][PASSED] - openBrowser(""): Browser is opened with url: ''

08-02-2024T14:24:08 - [MESSAGE][WARNING] - A browser is already opened. Closing browser and opening a new one

08-02-2024T14:24:09 - [MESSAGE][INFO] - Starting 'Chrome' driver

08-02-2024T14:24:09 - [MESSAGE][INFO] - Action delay is set to 0 milliseconds

08-02-2024T14:24:10 - [MESSAGE][PASSED] - Browser is opened with url: ''

08-02-2024T14:24:10 - [TEST_STEP][PASSED] - navigateToUrl("https://www.amazon.in/"): Navigate to 'https://www.amazon.in/' successfully

08-02-2024T14:24:11 - [MESSAGE][PASSED] - Navigate to 'https://www.amazon.in/' successfully

08-02-2024T14:24:12 - [TEST_STEP][PASSED] - openBrowser(""): Browser is opened with url: ''

08-02-2024T14:24:12 - [MESSAGE][WARNING] - A browser is already opened. Closing browser and opening a new one

08-02-2024T14:24:12 - [MESSAGE][INFO] - Starting 'Chrome' driver

08-02-2024T14:24:12 - [MESSAGE][INFO] - Action delay is set to 0 milliseconds

08-02-2024T14:24:13 - [MESSAGE][PASSED] - Browser is opened with url: ''

08-02-2024T14:24:13 - [TEST_STEP][PASSED] - navigateToUrl("https://www.amazon.in/"): Navigate to 'https://www.amazon.in/' successfully

08-02-2024T14:24:14 - [MESSAGE][PASSED] - Navigate to 'https://www.amazon.in/' successfully

08-02-2024T14:24:14 - [TEST_STEP][PASSED] - click(findTestObject("Object Repository/Amazontestcase003_OR/Page_Online Shopping site in India Shop Onl_10c5f3/a_Hello, sign in  Account  Lists")): Object: 'Object Repository/Amazontestcase003_OR/Page_Online Shopping site in India Shop Onl_10c5f3/a_Hello, sign in  Account  Lists' is clicked on

08-02-2024T14:24:28 - [MESSAGE][PASSED] - Object: 'Object Repository/Amazontestcase003_OR/Page_Online Shopping site in India Shop Onl_10c5f3/a_Hello, sign in  Account  Lists' is clicked on

08-02-2024T14:24:28 - [TEST_STEP][PASSED] - setText(findTestObject("Object Repository/Amazontestcase003_OR/Page_Amazon Sign In/input_Email or mobile phone number_email"), Email): Text 'gopi9162816@gmail.com' is set on object 'Object Repository/Amazontestcase003_OR/Page_Amazon Sign In/input_Email or mobile phone number_email'

08-02-2024T14:24:30 - [MESSAGE][PASSED] - Text 'gopi9162816@gmail.com' is set on object 'Object Repository/Amazontestcase003_OR/Page_Amazon Sign In/input_Email or mobile phone number_email'

08-02-2024T14:24:30 - [TEST_STEP][PASSED] - click(findTestObject("Object Repository/Amazontestcase003_OR/Page_Amazon Sign In/input_Enter your email or mobile phone numb_fc7402")): Object: 'Object Repository/Amazontestcase003_OR/Page_Amazon Sign In/input_Enter your email or mobile phone numb_fc7402' is clicked on

08-02-2024T14:24:31 - [MESSAGE][PASSED] - Object: 'Object Repository/Amazontestcase003_OR/Page_Amazon Sign In/input_Enter your email or mobile phone numb_fc7402' is clicked on

08-02-2024T14:24:31 - [TEST_STEP][PASSED] - setEncryptedText(findTestObject("Object Repository/Amazontestcase003_OR/Page_Amazon Sign In/input_Forgot Password_password"), "0KgSb6dmQkDO+DyTs7S1JA=="): Text ****** has been set on object 'Object Repository/Amazontestcase003_OR/Page_Amazon Sign In/input_Forgot Password_password'

08-02-2024T14:24:33 - [MESSAGE][PASSED] - Text ****** has been set on object 'Object Repository/Amazontestcase003_OR/Page_Amazon Sign In/input_Forgot Password_password'

08-02-2024T14:24:33 - [TEST_STEP][PASSED] - click(findTestObject("Object Repository/Amazontestcase003_OR/Page_Amazon Sign In/input_Enter your password_signInSubmit")): Object: 'Object Repository/Amazontestcase003_OR/Page_Amazon Sign In/input_Enter your password_signInSubmit' is clicked on

08-02-2024T14:24:33 - [MESSAGE][PASSED] - Object: 'Object Repository/Amazontestcase003_OR/Page_Amazon Sign In/input_Enter your password_signInSubmit' is clicked on

08-02-2024T14:24:33 - [TEST_STEP][PASSED] - click(findTestObject("Amazon_button003/Page_Online Shopping site in India Shop Online for Mobiles, Books, Watches, Shoes and More - Amazon.in/span_Secunderabad 500009")): Object: 'Object Repository/Amazon_button003/Page_Online Shopping site in India Shop Online for Mobiles, Books, Watches, Shoes and More - Amazon.in/span_Secunderabad 500009' is clicked on

08-02-2024T14:24:39 - [MESSAGE][PASSED] - Object: 'Object Repository/Amazon_button003/Page_Online Shopping site in India Shop Online for Mobiles, Books, Watches, Shoes and More - Amazon.in/span_Secunderabad 500009' is clicked on

08-02-2024T14:24:39 - [TEST_STEP][PASSED] - setText(findTestObject("Object Repository/Amazontestcase003_OR/Page_Online Shopping site in India Shop Onl_10c5f3/input_or enter an Indian pincode_GLUXZipUpd_df256c"), Pincode): Text '500009' is set on object 'Object Repository/Amazontestcase003_OR/Page_Online Shopping site in India Shop Onl_10c5f3/input_or enter an Indian pincode_GLUXZipUpd_df256c'

08-02-2024T14:24:41 - [MESSAGE][PASSED] - Text '500009' is set on object 'Object Repository/Amazontestcase003_OR/Page_Online Shopping site in India Shop Onl_10c5f3/input_or enter an Indian pincode_GLUXZipUpd_df256c'

08-02-2024T14:24:41 - [TEST_STEP][PASSED] - click(findTestObject("Object Repository/Amazontestcase003_OR/Page_Online Shopping site in India Shop Onl_10c5f3/input_or enter an Indian pincode_a-button-input")): Object: 'Object Repository/Amazontestcase003_OR/Page_Online Shopping site in India Shop Onl_10c5f3/input_or enter an Indian pincode_a-button-input' is clicked on

08-02-2024T14:24:42 - [MESSAGE][PASSED] - Object: 'Object Repository/Amazontestcase003_OR/Page_Online Shopping site in India Shop Onl_10c5f3/input_or enter an Indian pincode_a-button-input' is clicked on

08-02-2024T14:24:42 - [TEST_STEP][PASSED] - closeBrowser(): Browser is closed

08-02-2024T14:24:43 - [MESSAGE][PASSED] - Browser is closed

08-02-2024T14:24:43 - [TEST_STEP][PASSED] - Start listener action : sampleAfterTestCase: Browser is closed

08-02-2024T14:24:43 - [TEST_STEP][PASSED] - closeBrowser(): Browser is closed

08-02-2024T14:24:43 - [MESSAGE][PASSED] - Browser is closed

08-02-2024T14:24:43 - [TEST_STEP][PASSED] - Start listener action : sampleAfterTestCase: Browser is closed

08-02-2024T14:24:43 - [TEST_STEP][PASSED] - closeBrowser(): Browser is closed

08-02-2024T14:24:43 - [MESSAGE][PASSED] - Browser is closed]]></system-out>
         <system-err><![CDATA[]]></system-err>
      </testcase>
      <system-out><![CDATA[08-02-2024T14:24:03 - [TEST_SUITE][PASSED] - Amazon_testsuite_excel003: Test Cases/Amazon_testcase_003]]></system-out>
      <system-err><![CDATA[]]></system-err>
   </testsuite>
</testsuites>
