<?xml version="1.0" encoding="UTF-8"?>
<testsuites name="Amazon_testsuite001" time="24.199" tests="1" failures="0" errors="0">
   <testsuite name="Amazon_testsuite001" tests="1" failures="0" errors="0" time="24.199" skipped="0" timestamp="07-02-2024T11:47:08" hostname="gopi krishna - LENOVO-C340" id="Test Suites/Amazon_testsuite001">
      <properties>
         <property name="deviceName" value=""/>
         <property name="devicePlatform" value=""/>
         <property name="logFolder" value="C:\\Users\\gopi krishna\\git\\Amazon-Project\\Reports\\20240207_114656\\Amazon_testsuite001\\20240207_114657"/>
         <property name="logFiles" value="C:\\Users\\gopi krishna\\git\\Amazon-Project\\Reports\\20240207_114656\\Amazon_testsuite001\\20240207_114657\\execution0.log"/>
         <property name="attachments" value=""/>
         <property name="hostName" value="gopi krishna - LENOVO-C340"/>
         <property name="os" value="Windows 11 64bit"/>
         <property name="katalonVersion" value="9.2.0.212"/>
         <property name="browser" value="Chrome 121.0.0.0"/>
         <property name="hostAddress" value="192.168.1.9"/>
         <property name="sessionId" value="aea23114fb89d6537599f0ce019c5a59"/>
         <property name="seleniumVersion" value="3.141.59"/>
         <property name="proxyInformation" value="ProxyInformation { proxyOption=NO_PROXY, proxyServerType=HTTP, username=, password=********, proxyServerAddress=, proxyServerPort=0, executionList=&quot;&quot;, isApplyToDesiredCapabilities=true }"/>
         <property name="platform" value="Windows 11"/>
      </properties>
      <testcase name="Test Cases/Amazon_testcase_001" time="23.82" classname="Test Cases/Amazon_testcase_001" status="PASSED">
         <system-out><![CDATA[07-02-2024T11:47:08 - [TEST_CASE][PASSED] - Test Cases/Amazon_testcase_001: Test Cases/Amazon_testcase_001

07-02-2024T11:47:09 - [TEST_STEP][PASSED] - openBrowser(""): Browser is opened with url: ''

07-02-2024T11:47:09 - [MESSAGE][INFO] - Starting 'Chrome' driver

07-02-2024T11:47:09 - [MESSAGE][INFO] - Action delay is set to 0 milliseconds

07-02-2024T11:47:12 - [MESSAGE][PASSED] - Browser is opened with url: ''

07-02-2024T11:47:12 - [TEST_STEP][PASSED] - navigateToUrl("https://www.amazon.in/"): Navigate to 'https://www.amazon.in/' successfully

07-02-2024T11:47:13 - [MESSAGE][PASSED] - Navigate to 'https://www.amazon.in/' successfully

07-02-2024T11:47:13 - [TEST_STEP][PASSED] - click(findTestObject("Object Repository/Amazontestcase001_OR/Page_Online Shopping site in India Shop Onl_10c5f3/span_Hello, sign in")): Object: 'Object Repository/Amazontestcase001_OR/Page_Online Shopping site in India Shop Onl_10c5f3/span_Hello, sign in' is clicked on

07-02-2024T11:47:26 - [MESSAGE][PASSED] - Object: 'Object Repository/Amazontestcase001_OR/Page_Online Shopping site in India Shop Onl_10c5f3/span_Hello, sign in' is clicked on

07-02-2024T11:47:26 - [TEST_STEP][PASSED] - setText(findTestObject("Object Repository/Amazontestcase001_OR/Page_Amazon Sign In/input_email"), "gopi9162816@gmail.com"): Text 'gopi9162816@gmail.com' is set on object 'Object Repository/Amazontestcase001_OR/Page_Amazon Sign In/input_email'

07-02-2024T11:47:28 - [MESSAGE][PASSED] - Text 'gopi9162816@gmail.com' is set on object 'Object Repository/Amazontestcase001_OR/Page_Amazon Sign In/input_email'

07-02-2024T11:47:28 - [TEST_STEP][PASSED] - click(findTestObject("Object Repository/Amazontestcase001_OR/Page_Amazon Sign In/inputcontinue")): Object: 'Object Repository/Amazontestcase001_OR/Page_Amazon Sign In/inputcontinue' is clicked on

07-02-2024T11:47:29 - [MESSAGE][PASSED] - Object: 'Object Repository/Amazontestcase001_OR/Page_Amazon Sign In/inputcontinue' is clicked on

07-02-2024T11:47:29 - [TEST_STEP][PASSED] - setEncryptedText(findTestObject("Object Repository/Amazontestcase001_OR/Page_Amazon Sign In/input_password"), "0KgSb6dmQkDO+DyTs7S1JA=="): Text ****** has been set on object 'Object Repository/Amazontestcase001_OR/Page_Amazon Sign In/input_password'

07-02-2024T11:47:30 - [MESSAGE][PASSED] - Text ****** has been set on object 'Object Repository/Amazontestcase001_OR/Page_Amazon Sign In/input_password'

07-02-2024T11:47:30 - [TEST_STEP][PASSED] - click(findTestObject("Object Repository/Amazontestcase001_OR/Page_Amazon Sign In/inputsignInSubmit")): Object: 'Object Repository/Amazontestcase001_OR/Page_Amazon Sign In/inputsignInSubmit' is clicked on

07-02-2024T11:47:31 - [MESSAGE][PASSED] - Object: 'Object Repository/Amazontestcase001_OR/Page_Amazon Sign In/inputsignInSubmit' is clicked on

07-02-2024T11:47:31 - [TEST_STEP][PASSED] - closeBrowser(): Browser is closed

07-02-2024T11:47:32 - [MESSAGE][PASSED] - Browser is closed]]></system-out>
         <system-err><![CDATA[]]></system-err>
      </testcase>
      <system-out><![CDATA[07-02-2024T11:47:08 - [TEST_SUITE][PASSED] - Amazon_testsuite001: Test Cases/Amazon_testcase_001]]></system-out>
      <system-err><![CDATA[]]></system-err>
   </testsuite>
</testsuites>
